# JRE version: OpenJDK Runtime Environment Corretto-18.0.2.9.1 (18.0.2+9) (build 18.0.2+9-FR)
# Java VM: OpenJDK 64-Bit Server VM Corretto-18.0.2.9.1 (18.0.2+9-FR, mixed mode, sharing, tiered, compressed oops, compressed class ptrs, g1 gc, linux-amd64)
GC Precious Log:
 CardTable entry size: 512
 Card Set container configuration: InlinePtr #cards 4 size 8 Array Of Cards #cards 32 size 80 Howl #buckets 8 coarsen threshold 7372 Howl Bitmap #cards 1024 size 144 coarsen threshold 921 Card regions per heap region 1 cards per card region 8192
 CPUs: 16 total, 16 available
 Memory: 32039M
 Large Page Support: Disabled
 NUMA Support: Disabled
 Compressed Oops: Enabled (Zero based)
 Heap Region Size: 4M
 Heap Min Capacity: 8M
 Heap Initial Capacity: 504M
 Heap Max Capacity: 8012M
 Pre-touch: Disabled
 Parallel Workers: 13
 Concurrent Workers: 3
 Concurrent Refinement Workers: 13
 Periodic GC: Disabled
Heap:
 garbage-first heap   total 81920K, used 35189K [0x000000060b400000, 0x0000000800000000)
  region size 4096K, 7 young (28672K), 2 survivors (8192K)
 Metaspace       used 46108K, committed 46912K, reserved 1114112K
  class space    used 4675K, committed 4992K, reserved 1048576K
GC Heap History (14 events):
Event: 0.515 GC heap before
{Heap before GC invocations=0 (full 0):
 garbage-first heap   total 524288K, used 28588K [0x000000060b400000, 0x0000000800000000)
  region size 4096K, 6 young (24576K), 0 survivors (0K)
 Metaspace       used 7213K, committed 7424K, reserved 1114112K
  class space    used 544K, committed 640K, reserved 1048576K
}
Event: 0.518 GC heap after
{Heap after GC invocations=1 (full 0):
 garbage-first heap   total 524288K, used 9667K [0x000000060b400000, 0x0000000800000000)
  region size 4096K, 1 young (4096K), 1 survivors (4096K)
 Metaspace       used 7213K, committed 7424K, reserved 1114112K
  class space    used 544K, committed 640K, reserved 1048576K
}
Event: 0.780 GC heap before
{Heap before GC invocations=1 (full 0):
 garbage-first heap   total 524288K, used 30147K [0x000000060b400000, 0x0000000800000000)
  region size 4096K, 6 young (24576K), 1 survivors (4096K)
 Metaspace       used 13010K, committed 13184K, reserved 1114112K
  class space    used 1173K, committed 1280K, reserved 1048576K
}
Event: 0.782 GC heap after
{Heap after GC invocations=2 (full 0):
 garbage-first heap   total 524288K, used 10808K [0x000000060b400000, 0x0000000800000000)
  region size 4096K, 1 young (4096K), 1 survivors (4096K)
 Metaspace       used 13010K, committed 13184K, reserved 1114112K
  class space    used 1173K, committed 1280K, reserved 1048576K
}
Event: 1.184 GC heap before
{Heap before GC invocations=2 (full 0):
 garbage-first heap   total 524288K, used 31288K [0x000000060b400000, 0x0000000800000000)
  region size 4096K, 7 young (28672K), 1 survivors (4096K)
 Metaspace       used 21319K, committed 21504K, reserved 1114112K
  class space    used 2090K, committed 2176K, reserved 1048576K
}
Event: 1.187 GC heap after
{Heap after GC invocations=3 (full 0):
 garbage-first heap   total 524288K, used 12101K [0x000000060b400000, 0x0000000800000000)
  region size 4096K, 1 young (4096K), 1 survivors (4096K)
 Metaspace       used 21319K, committed 21504K, reserved 1114112K
  class space    used 2090K, committed 2176K, reserved 1048576K
}
Event: 2.021 GC heap before
{Heap before GC invocations=4 (full 0):
 garbage-first heap   total 81920K, used 53061K [0x000000060b400000, 0x0000000800000000)
  region size 4096K, 12 young (49152K), 1 survivors (4096K)
 Metaspace       used 32724K, committed 33152K, reserved 1114112K
  class space    used 3281K, committed 3456K, reserved 1048576K
}
Event: 2.025 GC heap after
{Heap after GC invocations=5 (full 0):
 garbage-first heap   total 81920K, used 14475K [0x000000060b400000, 0x0000000800000000)
  region size 4096K, 2 young (8192K), 2 survivors (8192K)
 Metaspace       used 32724K, committed 33152K, reserved 1114112K
  class space    used 3281K, committed 3456K, reserved 1048576K
}
Event: 2.068 GC heap before
{Heap before GC invocations=5 (full 0):
 garbage-first heap   total 81920K, used 18571K [0x000000060b400000, 0x0000000800000000)
  region size 4096K, 3 young (12288K), 2 survivors (8192K)
 Metaspace       used 33371K, committed 33856K, reserved 1114112K
  class space    used 3379K, committed 3584K, reserved 1048576K
}
Event: 2.072 GC heap after
{Heap after GC invocations=6 (full 0):
 garbage-first heap   total 81920K, used 15017K [0x000000060b400000, 0x0000000800000000)
  region size 4096K, 1 young (4096K), 1 survivors (4096K)
 Metaspace       used 33371K, committed 33856K, reserved 1114112K
  class space    used 3379K, committed 3584K, reserved 1048576K
}
Event: 2.255 GC heap before
{Heap before GC invocations=6 (full 0):
 garbage-first heap   total 81920K, used 23209K [0x000000060b400000, 0x0000000800000000)
  region size 4096K, 4 young (16384K), 1 survivors (4096K)
 Metaspace       used 35609K, committed 36160K, reserved 1114112K
  class space    used 3648K, committed 3904K, reserved 1048576K
}
Event: 2.256 GC heap after
{Heap after GC invocations=7 (full 0):
 garbage-first heap   total 81920K, used 15277K [0x000000060b400000, 0x0000000800000000)
  region size 4096K, 1 young (4096K), 1 survivors (4096K)
 Metaspace       used 35609K, committed 36160K, reserved 1114112K
  class space    used 3648K, committed 3904K, reserved 1048576K
}
Event: 2.665 GC heap before
{Heap before GC invocations=8 (full 0):
 garbage-first heap   total 81920K, used 48045K [0x000000060b400000, 0x0000000800000000)
  region size 4096K, 9 young (36864K), 1 survivors (4096K)
 Metaspace       used 42587K, committed 43328K, reserved 1114112K
  class space    used 4419K, committed 4736K, reserved 1048576K
}
Event: 2.669 GC heap after
{Heap after GC invocations=9 (full 0):
 garbage-first heap   total 81920K, used 18805K [0x000000060b400000, 0x0000000800000000)
  region size 4096K, 2 young (8192K), 2 survivors (8192K)
 Metaspace       used 42587K, committed 43328K, reserved 1114112K
  class space    used 4419K, committed 4736K, reserved 1048576K
}

