# JRE version: OpenJDK Runtime Environment Corretto-18.0.2.9.1 (18.0.2+9) (build 18.0.2+9-FR)
# Java VM: OpenJDK 64-Bit Server VM Corretto-18.0.2.9.1 (18.0.2+9-FR, mixed mode, sharing, tiered, compressed oops, compressed class ptrs, g1 gc, linux-amd64)
GC Precious Log:
 CardTable entry size: 512
 Card Set container configuration: InlinePtr #cards 4 size 8 Array Of Cards #cards 32 size 80 Howl #buckets 8 coarsen threshold 7372 Howl Bitmap #cards 1024 size 144 coarsen threshold 921 Card regions per heap region 1 cards per card region 8192
 CPUs: 16 total, 16 available
 Memory: 32039M
 Large Page Support: Disabled
 NUMA Support: Disabled
 Compressed Oops: Enabled (Zero based)
 Heap Region Size: 4M
 Heap Min Capacity: 8M
 Heap Initial Capacity: 504M
 Heap Max Capacity: 8012M
 Pre-touch: Disabled
 Parallel Workers: 13
 Concurrent Workers: 3
 Concurrent Refinement Workers: 13
 Periodic GC: Disabled
Heap:
 garbage-first heap   total 303104K, used 31042K [0x000000060b400000, 0x0000000800000000)
  region size 4096K, 4 young (16384K), 2 survivors (8192K)
 Metaspace       used 51330K, committed 52096K, reserved 1114112K
  class space    used 5132K, committed 5440K, reserved 1048576K
GC Heap History (16 events):
Event: 0.265 GC heap before
{Heap before GC invocations=0 (full 0):
 garbage-first heap   total 524288K, used 24492K [0x000000060b400000, 0x0000000800000000)
  region size 4096K, 6 young (24576K), 0 survivors (0K)
 Metaspace       used 5562K, committed 5760K, reserved 1114112K
  class space    used 462K, committed 576K, reserved 1048576K
}
Event: 0.269 GC heap after
{Heap after GC invocations=1 (full 0):
 garbage-first heap   total 524288K, used 12087K [0x000000060b400000, 0x0000000800000000)
  region size 4096K, 1 young (4096K), 1 survivors (4096K)
 Metaspace       used 5562K, committed 5760K, reserved 1114112K
  class space    used 462K, committed 576K, reserved 1048576K
}
Event: 0.402 GC heap before
{Heap before GC invocations=1 (full 0):
 garbage-first heap   total 524288K, used 28471K [0x000000060b400000, 0x0000000800000000)
  region size 4096K, 6 young (24576K), 1 survivors (4096K)
 Metaspace       used 10915K, committed 11136K, reserved 1114112K
  class space    used 853K, committed 960K, reserved 1048576K
}
Event: 0.405 GC heap after
{Heap after GC invocations=2 (full 0):
 garbage-first heap   total 524288K, used 12661K [0x000000060b400000, 0x0000000800000000)
  region size 4096K, 1 young (4096K), 1 survivors (4096K)
 Metaspace       used 10915K, committed 11136K, reserved 1114112K
  class space    used 853K, committed 960K, reserved 1048576K
}
Event: 0.731 GC heap before
{Heap before GC invocations=2 (full 0):
 garbage-first heap   total 524288K, used 53621K [0x000000060b400000, 0x0000000800000000)
  region size 4096K, 13 young (53248K), 1 survivors (4096K)
 Metaspace       used 21349K, committed 21504K, reserved 1114112K
  class space    used 1968K, committed 2048K, reserved 1048576K
}
Event: 0.737 GC heap after
{Heap after GC invocations=3 (full 0):
 garbage-first heap   total 524288K, used 14289K [0x000000060b400000, 0x0000000800000000)
  region size 4096K, 1 young (4096K), 1 survivors (4096K)
 Metaspace       used 21349K, committed 21504K, reserved 1114112K
  class space    used 1968K, committed 2048K, reserved 1048576K
}
Event: 1.285 GC heap before
{Heap before GC invocations=4 (full 0):
 garbage-first heap   total 81920K, used 75729K [0x000000060b400000, 0x0000000800000000)
  region size 4096K, 16 young (65536K), 1 survivors (4096K)
 Metaspace       used 33092K, committed 33472K, reserved 1114112K
  class space    used 3234K, committed 3392K, reserved 1048576K
}
Event: 1.290 GC heap after
{Heap after GC invocations=5 (full 0):
 garbage-first heap   total 86016K, used 16113K [0x000000060b400000, 0x0000000800000000)
  region size 4096K, 1 young (4096K), 1 survivors (4096K)
 Metaspace       used 33092K, committed 33472K, reserved 1114112K
  class space    used 3234K, committed 3392K, reserved 1048576K
}
Event: 1.430 GC heap before
{Heap before GC invocations=5 (full 0):
 garbage-first heap   total 86016K, used 32497K [0x000000060b400000, 0x0000000800000000)
  region size 4096K, 6 young (24576K), 1 survivors (4096K)
 Metaspace       used 36082K, committed 36416K, reserved 1114112K
  class space    used 3552K, committed 3712K, reserved 1048576K
}
Event: 1.434 GC heap after
{Heap after GC invocations=6 (full 0):
 garbage-first heap   total 86016K, used 16777K [0x000000060b400000, 0x0000000800000000)
  region size 4096K, 2 young (8192K), 2 survivors (8192K)
 Metaspace       used 36082K, committed 36416K, reserved 1114112K
  class space    used 3552K, committed 3712K, reserved 1048576K
}
Event: 1.737 GC heap before
{Heap before GC invocations=7 (full 0):
 garbage-first heap   total 86016K, used 53641K [0x000000060b400000, 0x0000000800000000)
  region size 4096K, 11 young (45056K), 2 survivors (8192K)
 Metaspace       used 42664K, committed 43328K, reserved 1114112K
  class space    used 4317K, committed 4608K, reserved 1048576K
}
Event: 1.740 GC heap after
{Heap after GC invocations=8 (full 0):
 garbage-first heap   total 86016K, used 19050K [0x000000060b400000, 0x0000000800000000)
  region size 4096K, 2 young (8192K), 2 survivors (8192K)
 Metaspace       used 42664K, committed 43328K, reserved 1114112K
  class space    used 4317K, committed 4608K, reserved 1048576K
}
Event: 2.009 GC heap before
{Heap before GC invocations=8 (full 0):
 garbage-first heap   total 86016K, used 47722K [0x000000060b400000, 0x0000000800000000)
  region size 4096K, 10 young (40960K), 2 survivors (8192K)
 Metaspace       used 46887K, committed 47552K, reserved 1114112K
  class space    used 4789K, committed 5056K, reserved 1048576K
}
Event: 2.014 GC heap after
{Heap after GC invocations=9 (full 0):
 garbage-first heap   total 86016K, used 20936K [0x000000060b400000, 0x0000000800000000)
  region size 4096K, 2 young (8192K), 2 survivors (8192K)
 Metaspace       used 46887K, committed 47552K, reserved 1114112K
  class space    used 4789K, committed 5056K, reserved 1048576K
}
Event: 3.934 GC heap before
{Heap before GC invocations=9 (full 0):
 garbage-first heap   total 86016K, used 53704K [0x000000060b400000, 0x0000000800000000)
  region size 4096K, 10 young (40960K), 2 survivors (8192K)
 Metaspace       used 50987K, committed 51776K, reserved 1114112K
  class space    used 5132K, committed 5440K, reserved 1048576K
}
Event: 3.939 GC heap after
{Heap after GC invocations=10 (full 0):
 garbage-first heap   total 303104K, used 26946K [0x000000060b400000, 0x0000000800000000)
  region size 4096K, 2 young (8192K), 2 survivors (8192K)
 Metaspace       used 50987K, committed 51776K, reserved 1114112K
  class space    used 5132K, committed 5440K, reserved 1048576K
}

