# JRE version: OpenJDK Runtime Environment Corretto-18.0.2.9.1 (18.0.2+9) (build 18.0.2+9-FR)
# Java VM: OpenJDK 64-Bit Server VM Corretto-18.0.2.9.1 (18.0.2+9-FR, mixed mode, sharing, tiered, compressed oops, compressed class ptrs, g1 gc, linux-amd64)
GC Precious Log:
 CardTable entry size: 512
 Card Set container configuration: InlinePtr #cards 4 size 8 Array Of Cards #cards 32 size 80 Howl #buckets 8 coarsen threshold 7372 Howl Bitmap #cards 1024 size 144 coarsen threshold 921 Card regions per heap region 1 cards per card region 8192
 CPUs: 16 total, 16 available
 Memory: 32039M
 Large Page Support: Disabled
 NUMA Support: Disabled
 Compressed Oops: Enabled (Zero based)
 Heap Region Size: 4M
 Heap Min Capacity: 8M
 Heap Initial Capacity: 504M
 Heap Max Capacity: 8012M
 Pre-touch: Disabled
 Parallel Workers: 13
 Concurrent Workers: 3
 Concurrent Refinement Workers: 13
 Periodic GC: Disabled
Heap:
 garbage-first heap   total 110592K, used 65173K [0x000000060b400000, 0x0000000800000000)
  region size 4096K, 13 young (53248K), 1 survivors (4096K)
 Metaspace       used 51544K, committed 52416K, reserved 1114112K
  class space    used 5205K, committed 5568K, reserved 1048576K
GC Heap History (16 events):
Event: 0.239 GC heap before
{Heap before GC invocations=0 (full 0):
 garbage-first heap   total 524288K, used 28588K [0x000000060b400000, 0x0000000800000000)
  region size 4096K, 6 young (24576K), 0 survivors (0K)
 Metaspace       used 7220K, committed 7424K, reserved 1114112K
  class space    used 546K, committed 640K, reserved 1048576K
}
Event: 0.244 GC heap after
{Heap after GC invocations=1 (full 0):
 garbage-first heap   total 524288K, used 9672K [0x000000060b400000, 0x0000000800000000)
  region size 4096K, 1 young (4096K), 1 survivors (4096K)
 Metaspace       used 7220K, committed 7424K, reserved 1114112K
  class space    used 546K, committed 640K, reserved 1048576K
}
Event: 0.404 GC heap before
{Heap before GC invocations=1 (full 0):
 garbage-first heap   total 524288K, used 30152K [0x000000060b400000, 0x0000000800000000)
  region size 4096K, 6 young (24576K), 1 survivors (4096K)
 Metaspace       used 12900K, committed 13056K, reserved 1114112K
  class space    used 1166K, committed 1216K, reserved 1048576K
}
Event: 0.407 GC heap after
{Heap after GC invocations=2 (full 0):
 garbage-first heap   total 524288K, used 10900K [0x000000060b400000, 0x0000000800000000)
  region size 4096K, 1 young (4096K), 1 survivors (4096K)
 Metaspace       used 12900K, committed 13056K, reserved 1114112K
  class space    used 1166K, committed 1216K, reserved 1048576K
}
Event: 0.590 GC heap before
{Heap before GC invocations=2 (full 0):
 garbage-first heap   total 524288K, used 31380K [0x000000060b400000, 0x0000000800000000)
  region size 4096K, 7 young (28672K), 1 survivors (4096K)
 Metaspace       used 21323K, committed 21504K, reserved 1114112K
  class space    used 2106K, committed 2176K, reserved 1048576K
}
Event: 0.593 GC heap after
{Heap after GC invocations=3 (full 0):
 garbage-first heap   total 524288K, used 12165K [0x000000060b400000, 0x0000000800000000)
  region size 4096K, 1 young (4096K), 1 survivors (4096K)
 Metaspace       used 21323K, committed 21504K, reserved 1114112K
  class space    used 2106K, committed 2176K, reserved 1048576K
}
Event: 1.083 GC heap before
{Heap before GC invocations=4 (full 0):
 garbage-first heap   total 81920K, used 53125K [0x000000060b400000, 0x0000000800000000)
  region size 4096K, 12 young (49152K), 1 survivors (4096K)
 Metaspace       used 32835K, committed 33280K, reserved 1114112K
  class space    used 3317K, committed 3520K, reserved 1048576K
}
Event: 1.088 GC heap after
{Heap after GC invocations=5 (full 0):
 garbage-first heap   total 81920K, used 14261K [0x000000060b400000, 0x0000000800000000)
  region size 4096K, 2 young (8192K), 2 survivors (8192K)
 Metaspace       used 32835K, committed 33280K, reserved 1114112K
  class space    used 3317K, committed 3520K, reserved 1048576K
}
Event: 1.127 GC heap before
{Heap before GC invocations=5 (full 0):
 garbage-first heap   total 81920K, used 18357K [0x000000060b400000, 0x0000000800000000)
  region size 4096K, 3 young (12288K), 2 survivors (8192K)
 Metaspace       used 33496K, committed 33984K, reserved 1114112K
  class space    used 3413K, committed 3648K, reserved 1048576K
}
Event: 1.133 GC heap after
{Heap after GC invocations=6 (full 0):
 garbage-first heap   total 299008K, used 14690K [0x000000060b400000, 0x0000000800000000)
  region size 4096K, 1 young (4096K), 1 survivors (4096K)
 Metaspace       used 33496K, committed 33984K, reserved 1114112K
  class space    used 3413K, committed 3648K, reserved 1048576K
}
Event: 1.235 GC heap before
{Heap before GC invocations=6 (full 0):
 garbage-first heap   total 299008K, used 22882K [0x000000060b400000, 0x0000000800000000)
  region size 4096K, 4 young (16384K), 1 survivors (4096K)
 Metaspace       used 35654K, committed 36160K, reserved 1114112K
  class space    used 3676K, committed 3904K, reserved 1048576K
}
Event: 1.237 GC heap after
{Heap after GC invocations=7 (full 0):
 garbage-first heap   total 299008K, used 15104K [0x000000060b400000, 0x0000000800000000)
  region size 4096K, 1 young (4096K), 1 survivors (4096K)
 Metaspace       used 35654K, committed 36160K, reserved 1114112K
  class space    used 3676K, committed 3904K, reserved 1048576K
}
Event: 1.766 GC heap before
{Heap before GC invocations=8 (full 0):
 garbage-first heap   total 110592K, used 76544K [0x000000060b400000, 0x0000000800000000)
  region size 4096K, 16 young (65536K), 1 survivors (4096K)
 Metaspace       used 45425K, committed 46272K, reserved 1114112K
  class space    used 4760K, committed 5120K, reserved 1048576K
}
Event: 1.770 GC heap after
{Heap after GC invocations=9 (full 0):
 garbage-first heap   total 110592K, used 19573K [0x000000060b400000, 0x0000000800000000)
  region size 4096K, 2 young (8192K), 2 survivors (8192K)
 Metaspace       used 45425K, committed 46272K, reserved 1114112K
  class space    used 4760K, committed 5120K, reserved 1048576K
}
Event: 1.861 GC heap before
{Heap before GC invocations=9 (full 0):
 garbage-first heap   total 110592K, used 23669K [0x000000060b400000, 0x0000000800000000)
  region size 4096K, 3 young (12288K), 2 survivors (8192K)
 Metaspace       used 45738K, committed 46528K, reserved 1114112K
  class space    used 4781K, committed 5120K, reserved 1048576K
}
Event: 1.866 GC heap after
{Heap after GC invocations=10 (full 0):
 garbage-first heap   total 110592K, used 20117K [0x000000060b400000, 0x0000000800000000)
  region size 4096K, 1 young (4096K), 1 survivors (4096K)
 Metaspace       used 45738K, committed 46528K, reserved 1114112K
  class space    used 4781K, committed 5120K, reserved 1048576K
}

