# JRE version: OpenJDK Runtime Environment Corretto-18.0.2.9.1 (18.0.2+9) (build 18.0.2+9-FR)
# Java VM: OpenJDK 64-Bit Server VM Corretto-18.0.2.9.1 (18.0.2+9-FR, mixed mode, sharing, tiered, compressed oops, compressed class ptrs, g1 gc, linux-amd64)
GC Precious Log:
 CardTable entry size: 512
 Card Set container configuration: InlinePtr #cards 4 size 8 Array Of Cards #cards 32 size 80 Howl #buckets 8 coarsen threshold 7372 Howl Bitmap #cards 1024 size 144 coarsen threshold 921 Card regions per heap region 1 cards per card region 8192
 CPUs: 16 total, 16 available
 Memory: 32039M
 Large Page Support: Disabled
 NUMA Support: Disabled
 Compressed Oops: Enabled (Zero based)
 Heap Region Size: 4M
 Heap Min Capacity: 8M
 Heap Initial Capacity: 504M
 Heap Max Capacity: 8012M
 Pre-touch: Disabled
 Parallel Workers: 13
 Concurrent Workers: 3
 Concurrent Refinement Workers: 13
 Periodic GC: Disabled
Heap:
 garbage-first heap   total 303104K, used 27859K [0x000000060b400000, 0x0000000800000000)
  region size 4096K, 3 young (12288K), 2 survivors (8192K)
 Metaspace       used 51129K, committed 51840K, reserved 1114112K
  class space    used 5127K, committed 5440K, reserved 1048576K
GC Heap History (16 events):
Event: 0.284 GC heap before
{Heap before GC invocations=0 (full 0):
 garbage-first heap   total 524288K, used 24492K [0x000000060b400000, 0x0000000800000000)
  region size 4096K, 6 young (24576K), 0 survivors (0K)
 Metaspace       used 5886K, committed 6080K, reserved 1114112K
  class space    used 488K, committed 576K, reserved 1048576K
}
Event: 0.289 GC heap after
{Heap after GC invocations=1 (full 0):
 garbage-first heap   total 524288K, used 11990K [0x000000060b400000, 0x0000000800000000)
  region size 4096K, 1 young (4096K), 1 survivors (4096K)
 Metaspace       used 5886K, committed 6080K, reserved 1114112K
  class space    used 488K, committed 576K, reserved 1048576K
}
Event: 0.415 GC heap before
{Heap before GC invocations=1 (full 0):
 garbage-first heap   total 524288K, used 28374K [0x000000060b400000, 0x0000000800000000)
  region size 4096K, 6 young (24576K), 1 survivors (4096K)
 Metaspace       used 10933K, committed 11136K, reserved 1114112K
  class space    used 853K, committed 960K, reserved 1048576K
}
Event: 0.419 GC heap after
{Heap after GC invocations=2 (full 0):
 garbage-first heap   total 524288K, used 12870K [0x000000060b400000, 0x0000000800000000)
  region size 4096K, 1 young (4096K), 1 survivors (4096K)
 Metaspace       used 10933K, committed 11136K, reserved 1114112K
  class space    used 853K, committed 960K, reserved 1048576K
}
Event: 0.729 GC heap before
{Heap before GC invocations=2 (full 0):
 garbage-first heap   total 524288K, used 53830K [0x000000060b400000, 0x0000000800000000)
  region size 4096K, 13 young (53248K), 1 survivors (4096K)
 Metaspace       used 21304K, committed 21504K, reserved 1114112K
  class space    used 1966K, committed 2048K, reserved 1048576K
}
Event: 0.734 GC heap after
{Heap after GC invocations=3 (full 0):
 garbage-first heap   total 524288K, used 14384K [0x000000060b400000, 0x0000000800000000)
  region size 4096K, 1 young (4096K), 1 survivors (4096K)
 Metaspace       used 21304K, committed 21504K, reserved 1114112K
  class space    used 1966K, committed 2048K, reserved 1048576K
}
Event: 1.289 GC heap before
{Heap before GC invocations=4 (full 0):
 garbage-first heap   total 81920K, used 75824K [0x000000060b400000, 0x0000000800000000)
  region size 4096K, 16 young (65536K), 1 survivors (4096K)
 Metaspace       used 33331K, committed 33728K, reserved 1114112K
  class space    used 3259K, committed 3456K, reserved 1048576K
}
Event: 1.294 GC heap after
{Heap after GC invocations=5 (full 0):
 garbage-first heap   total 86016K, used 16143K [0x000000060b400000, 0x0000000800000000)
  region size 4096K, 1 young (4096K), 1 survivors (4096K)
 Metaspace       used 33331K, committed 33728K, reserved 1114112K
  class space    used 3259K, committed 3456K, reserved 1048576K
}
Event: 1.413 GC heap before
{Heap before GC invocations=5 (full 0):
 garbage-first heap   total 86016K, used 36623K [0x000000060b400000, 0x0000000800000000)
  region size 4096K, 7 young (28672K), 1 survivors (4096K)
 Metaspace       used 36148K, committed 36480K, reserved 1114112K
  class space    used 3555K, committed 3712K, reserved 1048576K
}
Event: 1.417 GC heap after
{Heap after GC invocations=6 (full 0):
 garbage-first heap   total 86016K, used 16714K [0x000000060b400000, 0x0000000800000000)
  region size 4096K, 2 young (8192K), 2 survivors (8192K)
 Metaspace       used 36148K, committed 36480K, reserved 1114112K
  class space    used 3555K, committed 3712K, reserved 1048576K
}
Event: 1.725 GC heap before
{Heap before GC invocations=7 (full 0):
 garbage-first heap   total 86016K, used 53578K [0x000000060b400000, 0x0000000800000000)
  region size 4096K, 11 young (45056K), 2 survivors (8192K)
 Metaspace       used 42692K, committed 43328K, reserved 1114112K
  class space    used 4313K, committed 4608K, reserved 1048576K
}
Event: 1.730 GC heap after
{Heap after GC invocations=8 (full 0):
 garbage-first heap   total 86016K, used 18963K [0x000000060b400000, 0x0000000800000000)
  region size 4096K, 2 young (8192K), 2 survivors (8192K)
 Metaspace       used 42692K, committed 43328K, reserved 1114112K
  class space    used 4313K, committed 4608K, reserved 1048576K
}
Event: 1.994 GC heap before
{Heap before GC invocations=8 (full 0):
 garbage-first heap   total 86016K, used 51731K [0x000000060b400000, 0x0000000800000000)
  region size 4096K, 10 young (40960K), 2 survivors (8192K)
 Metaspace       used 46894K, committed 47552K, reserved 1114112K
  class space    used 4784K, committed 5056K, reserved 1048576K
}
Event: 1.998 GC heap after
{Heap after GC invocations=9 (full 0):
 garbage-first heap   total 86016K, used 20841K [0x000000060b400000, 0x0000000800000000)
  region size 4096K, 2 young (8192K), 2 survivors (8192K)
 Metaspace       used 46894K, committed 47552K, reserved 1114112K
  class space    used 4784K, committed 5056K, reserved 1048576K
}
Event: 9.358 GC heap before
{Heap before GC invocations=9 (full 0):
 garbage-first heap   total 86016K, used 53609K [0x000000060b400000, 0x0000000800000000)
  region size 4096K, 10 young (40960K), 2 survivors (8192K)
 Metaspace       used 50876K, committed 51648K, reserved 1114112K
  class space    used 5107K, committed 5440K, reserved 1048576K
}
Event: 9.363 GC heap after
{Heap after GC invocations=10 (full 0):
 garbage-first heap   total 303104K, used 27859K [0x000000060b400000, 0x0000000800000000)
  region size 4096K, 2 young (8192K), 2 survivors (8192K)
 Metaspace       used 50876K, committed 51648K, reserved 1114112K
  class space    used 5107K, committed 5440K, reserved 1048576K
}

