# JRE version: OpenJDK Runtime Environment Corretto-18.0.2.9.1 (18.0.2+9) (build 18.0.2+9-FR)
# Java VM: OpenJDK 64-Bit Server VM Corretto-18.0.2.9.1 (18.0.2+9-FR, mixed mode, sharing, tiered, compressed oops, compressed class ptrs, g1 gc, linux-amd64)
GC Precious Log:
 CardTable entry size: 512
 Card Set container configuration: InlinePtr #cards 4 size 8 Array Of Cards #cards 32 size 80 Howl #buckets 8 coarsen threshold 7372 Howl Bitmap #cards 1024 size 144 coarsen threshold 921 Card regions per heap region 1 cards per card region 8192
 CPUs: 16 total, 16 available
 Memory: 32039M
 Large Page Support: Disabled
 NUMA Support: Disabled
 Compressed Oops: Enabled (Zero based)
 Heap Region Size: 4M
 Heap Min Capacity: 8M
 Heap Initial Capacity: 504M
 Heap Max Capacity: 8012M
 Pre-touch: Disabled
 Parallel Workers: 13
 Concurrent Workers: 3
 Concurrent Refinement Workers: 13
 Periodic GC: Disabled
Heap:
 garbage-first heap   total 81920K, used 41342K [0x000000060b400000, 0x0000000800000000)
  region size 4096K, 8 young (32768K), 2 survivors (8192K)
 Metaspace       used 51459K, committed 52352K, reserved 1114112K
  class space    used 5253K, committed 5632K, reserved 1048576K
GC Heap History (16 events):
Event: 0.418 GC heap before
{Heap before GC invocations=0 (full 0):
 garbage-first heap   total 524288K, used 28588K [0x000000060b400000, 0x0000000800000000)
  region size 4096K, 6 young (24576K), 0 survivors (0K)
 Metaspace       used 7254K, committed 7424K, reserved 1114112K
  class space    used 551K, committed 640K, reserved 1048576K
}
Event: 0.421 GC heap after
{Heap after GC invocations=1 (full 0):
 garbage-first heap   total 524288K, used 9692K [0x000000060b400000, 0x0000000800000000)
  region size 4096K, 1 young (4096K), 1 survivors (4096K)
 Metaspace       used 7254K, committed 7424K, reserved 1114112K
  class space    used 551K, committed 640K, reserved 1048576K
}
Event: 0.638 GC heap before
{Heap before GC invocations=1 (full 0):
 garbage-first heap   total 524288K, used 30172K [0x000000060b400000, 0x0000000800000000)
  region size 4096K, 6 young (24576K), 1 survivors (4096K)
 Metaspace       used 13043K, committed 13248K, reserved 1114112K
  class space    used 1191K, committed 1280K, reserved 1048576K
}
Event: 0.640 GC heap after
{Heap after GC invocations=2 (full 0):
 garbage-first heap   total 524288K, used 10637K [0x000000060b400000, 0x0000000800000000)
  region size 4096K, 1 young (4096K), 1 survivors (4096K)
 Metaspace       used 13043K, committed 13248K, reserved 1114112K
  class space    used 1191K, committed 1280K, reserved 1048576K
}
Event: 0.965 GC heap before
{Heap before GC invocations=2 (full 0):
 garbage-first heap   total 524288K, used 31117K [0x000000060b400000, 0x0000000800000000)
  region size 4096K, 7 young (28672K), 1 survivors (4096K)
 Metaspace       used 21257K, committed 21504K, reserved 1114112K
  class space    used 2105K, committed 2176K, reserved 1048576K
}
Event: 0.969 GC heap after
{Heap after GC invocations=3 (full 0):
 garbage-first heap   total 524288K, used 11855K [0x000000060b400000, 0x0000000800000000)
  region size 4096K, 1 young (4096K), 1 survivors (4096K)
 Metaspace       used 21257K, committed 21504K, reserved 1114112K
  class space    used 2105K, committed 2176K, reserved 1048576K
}
Event: 1.577 GC heap before
{Heap before GC invocations=4 (full 0):
 garbage-first heap   total 81920K, used 56911K [0x000000060b400000, 0x0000000800000000)
  region size 4096K, 12 young (49152K), 1 survivors (4096K)
 Metaspace       used 32784K, committed 33152K, reserved 1114112K
  class space    used 3318K, committed 3456K, reserved 1048576K
}
Event: 1.581 GC heap after
{Heap after GC invocations=5 (full 0):
 garbage-first heap   total 81920K, used 14021K [0x000000060b400000, 0x0000000800000000)
  region size 4096K, 2 young (8192K), 2 survivors (8192K)
 Metaspace       used 32784K, committed 33152K, reserved 1114112K
  class space    used 3318K, committed 3456K, reserved 1048576K
}
Event: 1.621 GC heap before
{Heap before GC invocations=5 (full 0):
 garbage-first heap   total 81920K, used 18117K [0x000000060b400000, 0x0000000800000000)
  region size 4096K, 3 young (12288K), 2 survivors (8192K)
 Metaspace       used 33417K, committed 33856K, reserved 1114112K
  class space    used 3412K, committed 3648K, reserved 1048576K
}
Event: 1.626 GC heap after
{Heap after GC invocations=6 (full 0):
 garbage-first heap   total 81920K, used 14402K [0x000000060b400000, 0x0000000800000000)
  region size 4096K, 1 young (4096K), 1 survivors (4096K)
 Metaspace       used 33417K, committed 33856K, reserved 1114112K
  class space    used 3412K, committed 3648K, reserved 1048576K
}
Event: 1.755 GC heap before
{Heap before GC invocations=6 (full 0):
 garbage-first heap   total 81920K, used 18498K [0x000000060b400000, 0x0000000800000000)
  region size 4096K, 3 young (12288K), 1 survivors (4096K)
 Metaspace       used 35440K, committed 35968K, reserved 1114112K
  class space    used 3655K, committed 3904K, reserved 1048576K
}
Event: 1.756 GC heap after
{Heap after GC invocations=7 (full 0):
 garbage-first heap   total 81920K, used 14833K [0x000000060b400000, 0x0000000800000000)
  region size 4096K, 1 young (4096K), 1 survivors (4096K)
 Metaspace       used 35440K, committed 35968K, reserved 1114112K
  class space    used 3655K, committed 3904K, reserved 1048576K
}
Event: 2.070 GC heap before
{Heap before GC invocations=8 (full 0):
 garbage-first heap   total 81920K, used 51697K [0x000000060b400000, 0x0000000800000000)
  region size 4096K, 10 young (40960K), 1 survivors (4096K)
 Metaspace       used 42306K, committed 43008K, reserved 1114112K
  class space    used 4434K, committed 4736K, reserved 1048576K
}
Event: 2.073 GC heap after
{Heap after GC invocations=9 (full 0):
 garbage-first heap   total 81920K, used 17409K [0x000000060b400000, 0x0000000800000000)
  region size 4096K, 1 young (4096K), 1 survivors (4096K)
 Metaspace       used 42306K, committed 43008K, reserved 1114112K
  class space    used 4434K, committed 4736K, reserved 1048576K
}
Event: 7.181 GC heap before
{Heap before GC invocations=9 (full 0):
 garbage-first heap   total 81920K, used 54273K [0x000000060b400000, 0x0000000800000000)
  region size 4096K, 10 young (40960K), 1 survivors (4096K)
 Metaspace       used 48369K, committed 49280K, reserved 1114112K
  class space    used 4970K, committed 5376K, reserved 1048576K
}
Event: 7.185 GC heap after
{Heap after GC invocations=10 (full 0):
 garbage-first heap   total 81920K, used 20862K [0x000000060b400000, 0x0000000800000000)
  region size 4096K, 2 young (8192K), 2 survivors (8192K)
 Metaspace       used 48369K, committed 49280K, reserved 1114112K
  class space    used 4970K, committed 5376K, reserved 1048576K
}

