# JRE version: OpenJDK Runtime Environment Corretto-18.0.2.9.1 (18.0.2+9) (build 18.0.2+9-FR)
# Java VM: OpenJDK 64-Bit Server VM Corretto-18.0.2.9.1 (18.0.2+9-FR, mixed mode, sharing, tiered, compressed oops, compressed class ptrs, g1 gc, linux-amd64)
GC Precious Log:
 CardTable entry size: 512
 Card Set container configuration: InlinePtr #cards 4 size 8 Array Of Cards #cards 32 size 80 Howl #buckets 8 coarsen threshold 7372 Howl Bitmap #cards 1024 size 144 coarsen threshold 921 Card regions per heap region 1 cards per card region 8192
 CPUs: 16 total, 16 available
 Memory: 32039M
 Large Page Support: Disabled
 NUMA Support: Disabled
 Compressed Oops: Enabled (Zero based)
 Heap Region Size: 4M
 Heap Min Capacity: 8M
 Heap Initial Capacity: 504M
 Heap Max Capacity: 8012M
 Pre-touch: Disabled
 Parallel Workers: 13
 Concurrent Workers: 3
 Concurrent Refinement Workers: 13
 Periodic GC: Disabled
Heap:
 garbage-first heap   total 98304K, used 27995K [0x000000060b400000, 0x0000000800000000)
  region size 4096K, 4 young (16384K), 2 survivors (8192K)
 Metaspace       used 52090K, committed 53056K, reserved 1114112K
  class space    used 5246K, committed 5696K, reserved 1048576K
GC Heap History (18 events):
Event: 0.405 GC heap before
{Heap before GC invocations=0 (full 0):
 garbage-first heap   total 524288K, used 28588K [0x000000060b400000, 0x0000000800000000)
  region size 4096K, 6 young (24576K), 0 survivors (0K)
 Metaspace       used 7217K, committed 7424K, reserved 1114112K
  class space    used 546K, committed 640K, reserved 1048576K
}
Event: 0.413 GC heap after
{Heap after GC invocations=1 (full 0):
 garbage-first heap   total 524288K, used 9824K [0x000000060b400000, 0x0000000800000000)
  region size 4096K, 1 young (4096K), 1 survivors (4096K)
 Metaspace       used 7217K, committed 7424K, reserved 1114112K
  class space    used 546K, committed 640K, reserved 1048576K
}
Event: 0.698 GC heap before
{Heap before GC invocations=1 (full 0):
 garbage-first heap   total 524288K, used 30304K [0x000000060b400000, 0x0000000800000000)
  region size 4096K, 6 young (24576K), 1 survivors (4096K)
 Metaspace       used 13492K, committed 13632K, reserved 1114112K
  class space    used 1208K, committed 1280K, reserved 1048576K
}
Event: 0.703 GC heap after
{Heap after GC invocations=2 (full 0):
 garbage-first heap   total 524288K, used 11112K [0x000000060b400000, 0x0000000800000000)
  region size 4096K, 1 young (4096K), 1 survivors (4096K)
 Metaspace       used 13492K, committed 13632K, reserved 1114112K
  class space    used 1208K, committed 1280K, reserved 1048576K
}
Event: 1.020 GC heap before
{Heap before GC invocations=2 (full 0):
 garbage-first heap   total 524288K, used 27496K [0x000000060b400000, 0x0000000800000000)
  region size 4096K, 7 young (28672K), 1 survivors (4096K)
 Metaspace       used 21238K, committed 21504K, reserved 1114112K
  class space    used 2103K, committed 2240K, reserved 1048576K
}
Event: 1.026 GC heap after
{Heap after GC invocations=3 (full 0):
 garbage-first heap   total 524288K, used 12341K [0x000000060b400000, 0x0000000800000000)
  region size 4096K, 1 young (4096K), 1 survivors (4096K)
 Metaspace       used 21238K, committed 21504K, reserved 1114112K
  class space    used 2103K, committed 2240K, reserved 1048576K
}
Event: 1.811 GC heap before
{Heap before GC invocations=4 (full 0):
 garbage-first heap   total 81920K, used 53301K [0x000000060b400000, 0x0000000800000000)
  region size 4096K, 12 young (49152K), 1 survivors (4096K)
 Metaspace       used 32944K, committed 33344K, reserved 1114112K
  class space    used 3296K, committed 3456K, reserved 1048576K
}
Event: 1.824 GC heap after
{Heap after GC invocations=5 (full 0):
 garbage-first heap   total 81920K, used 14492K [0x000000060b400000, 0x0000000800000000)
  region size 4096K, 2 young (8192K), 2 survivors (8192K)
 Metaspace       used 32944K, committed 33344K, reserved 1114112K
  class space    used 3296K, committed 3456K, reserved 1048576K
}
Event: 1.879 GC heap before
{Heap before GC invocations=5 (full 0):
 garbage-first heap   total 81920K, used 18588K [0x000000060b400000, 0x0000000800000000)
  region size 4096K, 3 young (12288K), 2 survivors (8192K)
 Metaspace       used 33568K, committed 34048K, reserved 1114112K
  class space    used 3368K, committed 3584K, reserved 1048576K
}
Event: 1.886 GC heap after
{Heap after GC invocations=6 (full 0):
 garbage-first heap   total 299008K, used 15085K [0x000000060b400000, 0x0000000800000000)
  region size 4096K, 1 young (4096K), 1 survivors (4096K)
 Metaspace       used 33568K, committed 34048K, reserved 1114112K
  class space    used 3368K, committed 3584K, reserved 1048576K
}
Event: 2.060 GC heap before
{Heap before GC invocations=6 (full 0):
 garbage-first heap   total 299008K, used 23277K [0x000000060b400000, 0x0000000800000000)
  region size 4096K, 4 young (16384K), 1 survivors (4096K)
 Metaspace       used 35622K, committed 36096K, reserved 1114112K
  class space    used 3633K, committed 3840K, reserved 1048576K
}
Event: 2.067 GC heap after
{Heap after GC invocations=7 (full 0):
 garbage-first heap   total 299008K, used 15245K [0x000000060b400000, 0x0000000800000000)
  region size 4096K, 1 young (4096K), 1 survivors (4096K)
 Metaspace       used 35622K, committed 36096K, reserved 1114112K
  class space    used 3633K, committed 3840K, reserved 1048576K
}
Event: 2.991 GC heap before
{Heap before GC invocations=8 (full 0):
 garbage-first heap   total 98304K, used 68493K [0x000000060b400000, 0x0000000800000000)
  region size 4096K, 14 young (57344K), 1 survivors (4096K)
 Metaspace       used 44624K, committed 45376K, reserved 1114112K
  class space    used 4626K, committed 4992K, reserved 1048576K
}
Event: 2.997 GC heap after
{Heap after GC invocations=9 (full 0):
 garbage-first heap   total 98304K, used 19661K [0x000000060b400000, 0x0000000800000000)
  region size 4096K, 2 young (8192K), 2 survivors (8192K)
 Metaspace       used 44624K, committed 45376K, reserved 1114112K
  class space    used 4626K, committed 4992K, reserved 1048576K
}
Event: 3.057 GC heap before
{Heap before GC invocations=9 (full 0):
 garbage-first heap   total 98304K, used 23757K [0x000000060b400000, 0x0000000800000000)
  region size 4096K, 3 young (12288K), 2 survivors (8192K)
 Metaspace       used 45215K, committed 46016K, reserved 1114112K
  class space    used 4685K, committed 5056K, reserved 1048576K
}
Event: 3.064 GC heap after
{Heap after GC invocations=10 (full 0):
 garbage-first heap   total 98304K, used 20221K [0x000000060b400000, 0x0000000800000000)
  region size 4096K, 1 young (4096K), 1 survivors (4096K)
 Metaspace       used 45215K, committed 46016K, reserved 1114112K
  class space    used 4685K, committed 5056K, reserved 1048576K
}
Event: 11.162 GC heap before
{Heap before GC invocations=10 (full 0):
 garbage-first heap   total 98304K, used 61181K [0x000000060b400000, 0x0000000800000000)
  region size 4096K, 11 young (45056K), 1 survivors (4096K)
 Metaspace       used 51635K, committed 52608K, reserved 1114112K
  class space    used 5246K, committed 5696K, reserved 1048576K
}
Event: 11.168 GC heap after
{Heap after GC invocations=11 (full 0):
 garbage-first heap   total 98304K, used 23899K [0x000000060b400000, 0x0000000800000000)
  region size 4096K, 2 young (8192K), 2 survivors (8192K)
 Metaspace       used 51635K, committed 52608K, reserved 1114112K
  class space    used 5246K, committed 5696K, reserved 1048576K
}

