# JRE version: OpenJDK Runtime Environment Corretto-18.0.2.9.1 (18.0.2+9) (build 18.0.2+9-FR)
# Java VM: OpenJDK 64-Bit Server VM Corretto-18.0.2.9.1 (18.0.2+9-FR, mixed mode, sharing, tiered, compressed oops, compressed class ptrs, g1 gc, linux-amd64)
GC Precious Log:
 CardTable entry size: 512
 Card Set container configuration: InlinePtr #cards 4 size 8 Array Of Cards #cards 32 size 80 Howl #buckets 8 coarsen threshold 7372 Howl Bitmap #cards 1024 size 144 coarsen threshold 921 Card regions per heap region 1 cards per card region 8192
 CPUs: 16 total, 16 available
 Memory: 32039M
 Large Page Support: Disabled
 NUMA Support: Disabled
 Compressed Oops: Enabled (Zero based)
 Heap Region Size: 4M
 Heap Min Capacity: 8M
 Heap Initial Capacity: 504M
 Heap Max Capacity: 8012M
 Pre-touch: Disabled
 Parallel Workers: 13
 Concurrent Workers: 3
 Concurrent Refinement Workers: 13
 Periodic GC: Disabled
Heap:
 garbage-first heap   total 98304K, used 31552K [0x000000060b400000, 0x0000000800000000)
  region size 4096K, 3 young (12288K), 1 survivors (4096K)
 Metaspace       used 56969K, committed 58048K, reserved 1114112K
  class space    used 5620K, committed 6080K, reserved 1048576K
GC Heap History (20 events):
Event: 5287.592 GC heap before
{Heap before GC invocations=12 (full 0):
 garbage-first heap   total 98304K, used 71482K [0x000000060b400000, 0x0000000800000000)
  region size 4096K, 12 young (49152K), 1 survivors (4096K)
 Metaspace       used 50116K, committed 50944K, reserved 1114112K
  class space    used 4949K, committed 5312K, reserved 1048576K
}
Event: 5287.594 GC heap after
{Heap after GC invocations=13 (full 0):
 garbage-first heap   total 98304K, used 32614K [0x000000060b400000, 0x0000000800000000)
  region size 4096K, 2 young (8192K), 2 survivors (8192K)
 Metaspace       used 50116K, committed 50944K, reserved 1114112K
  class space    used 4949K, committed 5312K, reserved 1048576K
}
Event: 5387.252 GC heap before
{Heap before GC invocations=13 (full 0):
 garbage-first heap   total 98304K, used 61286K [0x000000060b400000, 0x0000000800000000)
  region size 4096K, 10 young (40960K), 2 survivors (8192K)
 Metaspace       used 52809K, committed 53760K, reserved 1114112K
  class space    used 5232K, committed 5632K, reserved 1048576K
}
Event: 5387.256 GC heap after
{Heap after GC invocations=14 (full 0):
 garbage-first heap   total 98304K, used 36562K [0x000000060b400000, 0x0000000800000000)
  region size 4096K, 2 young (8192K), 2 survivors (8192K)
 Metaspace       used 52809K, committed 53760K, reserved 1114112K
  class space    used 5232K, committed 5632K, reserved 1048576K
}
Event: 5399.506 GC heap before
{Heap before GC invocations=14 (full 0):
 garbage-first heap   total 98304K, used 65234K [0x000000060b400000, 0x0000000800000000)
  region size 4096K, 9 young (36864K), 2 survivors (8192K)
 Metaspace       used 54522K, committed 55552K, reserved 1114112K
  class space    used 5409K, committed 5824K, reserved 1048576K
}
Event: 5399.509 GC heap after
{Heap after GC invocations=15 (full 0):
 garbage-first heap   total 98304K, used 37239K [0x000000060b400000, 0x0000000800000000)
  region size 4096K, 2 young (8192K), 2 survivors (8192K)
 Metaspace       used 54522K, committed 55552K, reserved 1114112K
  class space    used 5409K, committed 5824K, reserved 1048576K
}
Event: 5400.311 GC heap before
{Heap before GC invocations=15 (full 0):
 garbage-first heap   total 98304K, used 65911K [0x000000060b400000, 0x0000000800000000)
  region size 4096K, 9 young (36864K), 2 survivors (8192K)
 Metaspace       used 56076K, committed 57088K, reserved 1114112K
  class space    used 5574K, committed 6016K, reserved 1048576K
}
Event: 5400.314 GC heap after
{Heap after GC invocations=16 (full 0):
 garbage-first heap   total 98304K, used 39865K [0x000000060b400000, 0x0000000800000000)
  region size 4096K, 2 young (8192K), 2 survivors (8192K)
 Metaspace       used 56076K, committed 57088K, reserved 1114112K
  class space    used 5574K, committed 6016K, reserved 1048576K
}
Event: 5400.591 GC heap before
{Heap before GC invocations=16 (full 0):
 garbage-first heap   total 98304K, used 43961K [0x000000060b400000, 0x0000000800000000)
  region size 4096K, 4 young (16384K), 2 survivors (8192K)
 Metaspace       used 56235K, committed 57344K, reserved 1114112K
  class space    used 5582K, committed 6080K, reserved 1048576K
}
Event: 5400.646 GC heap after
{Heap after GC invocations=17 (full 1):
 garbage-first heap   total 98304K, used 24009K [0x000000060b400000, 0x0000000800000000)
  region size 4096K, 0 young (0K), 0 survivors (0K)
 Metaspace       used 56235K, committed 57344K, reserved 1114112K
  class space    used 5582K, committed 6080K, reserved 1048576K
}
Event: 5402.312 GC heap before
{Heap before GC invocations=17 (full 1):
 garbage-first heap   total 98304K, used 64969K [0x000000060b400000, 0x0000000800000000)
  region size 4096K, 10 young (40960K), 0 survivors (0K)
 Metaspace       used 56605K, committed 57728K, reserved 1114112K
  class space    used 5612K, committed 6080K, reserved 1048576K
}
Event: 5402.318 GC heap after
{Heap after GC invocations=18 (full 1):
 garbage-first heap   total 98304K, used 27609K [0x000000060b400000, 0x0000000800000000)
  region size 4096K, 1 young (4096K), 1 survivors (4096K)
 Metaspace       used 56605K, committed 57728K, reserved 1114112K
  class space    used 5612K, committed 6080K, reserved 1048576K
}
Event: 5404.566 GC heap before
{Heap before GC invocations=18 (full 1):
 garbage-first heap   total 98304K, used 64473K [0x000000060b400000, 0x0000000800000000)
  region size 4096K, 10 young (40960K), 1 survivors (4096K)
 Metaspace       used 56707K, committed 57792K, reserved 1114112K
  class space    used 5620K, committed 6080K, reserved 1048576K
}
Event: 5404.572 GC heap after
{Heap after GC invocations=19 (full 1):
 garbage-first heap   total 98304K, used 27461K [0x000000060b400000, 0x0000000800000000)
  region size 4096K, 1 young (4096K), 1 survivors (4096K)
 Metaspace       used 56707K, committed 57792K, reserved 1114112K
  class space    used 5620K, committed 6080K, reserved 1048576K
}
Event: 5406.188 GC heap before
{Heap before GC invocations=19 (full 1):
 garbage-first heap   total 98304K, used 64325K [0x000000060b400000, 0x0000000800000000)
  region size 4096K, 10 young (40960K), 1 survivors (4096K)
 Metaspace       used 56753K, committed 57856K, reserved 1114112K
  class space    used 5620K, committed 6080K, reserved 1048576K
}
Event: 5406.191 GC heap after
{Heap after GC invocations=20 (full 1):
 garbage-first heap   total 98304K, used 27461K [0x000000060b400000, 0x0000000800000000)
  region size 4096K, 1 young (4096K), 1 survivors (4096K)
 Metaspace       used 56753K, committed 57856K, reserved 1114112K
  class space    used 5620K, committed 6080K, reserved 1048576K
}
Event: 5408.073 GC heap before
{Heap before GC invocations=20 (full 1):
 garbage-first heap   total 98304K, used 64325K [0x000000060b400000, 0x0000000800000000)
  region size 4096K, 10 young (40960K), 1 survivors (4096K)
 Metaspace       used 56792K, committed 57856K, reserved 1114112K
  class space    used 5620K, committed 6080K, reserved 1048576K
}
Event: 5408.077 GC heap after
{Heap after GC invocations=21 (full 1):
 garbage-first heap   total 98304K, used 27551K [0x000000060b400000, 0x0000000800000000)
  region size 4096K, 1 young (4096K), 1 survivors (4096K)
 Metaspace       used 56792K, committed 57856K, reserved 1114112K
  class space    used 5620K, committed 6080K, reserved 1048576K
}
Event: 5409.436 GC heap before
{Heap before GC invocations=21 (full 1):
 garbage-first heap   total 98304K, used 64415K [0x000000060b400000, 0x0000000800000000)
  region size 4096K, 10 young (40960K), 1 survivors (4096K)
 Metaspace       used 56937K, committed 57984K, reserved 1114112K
  class space    used 5620K, committed 6080K, reserved 1048576K
}
Event: 5409.440 GC heap after
{Heap after GC invocations=22 (full 1):
 garbage-first heap   total 98304K, used 27456K [0x000000060b400000, 0x0000000800000000)
  region size 4096K, 1 young (4096K), 1 survivors (4096K)
 Metaspace       used 56937K, committed 57984K, reserved 1114112K
  class space    used 5620K, committed 6080K, reserved 1048576K
}

